[35m[1mScanning dependencies of target _mav_offboard_generate_messages_check_deps_SetTargPoint[0m
[35m[1mScanning dependencies of target geometry_msgs_generate_messages_py[0m
[35m[1mScanning dependencies of target _mav_offboard_generate_messages_check_deps_GenTrajOnline[0m
[35m[1mScanning dependencies of target _mav_offboard_generate_messages_check_deps_MavOffbCtlType[0m
[35m[1mScanning dependencies of target _mav_offboard_generate_messages_check_deps_SetMavOffbCtlType[0m
[35m[1mScanning dependencies of target geometry_msgs_generate_messages_nodejs[0m
[35m[1mScanning dependencies of target std_msgs_generate_messages_py[0m
[35m[1mScanning dependencies of target actionlib_msgs_generate_messages_nodejs[0m
[35m[1mScanning dependencies of target std_msgs_generate_messages_eus[0m
[35m[1mScanning dependencies of target geometry_msgs_generate_messages_eus[0m
[35m[1mScanning dependencies of target mavros_msgs_generate_messages_nodejs[0m
[35m[1mScanning dependencies of target std_msgs_generate_messages_cpp[0m
[35m[1mScanning dependencies of target mavros_msgs_generate_messages_cpp[0m
[35m[1mScanning dependencies of target std_msgs_generate_messages_nodejs[0m
[35m[1mScanning dependencies of target std_msgs_generate_messages_lisp[0m
[35m[1mScanning dependencies of target mavros_msgs_generate_messages_eus[0m
[35m[1mScanning dependencies of target _mav_offboard_generate_messages_check_deps_UpdateBoundOnline[0m
[35m[1mScanning dependencies of target mavros_msgs_generate_messages_py[0m
[35m[1mScanning dependencies of target mavros_msgs_generate_messages_lisp[0m
[35m[1mScanning dependencies of target geometry_msgs_generate_messages_lisp[0m
[35m[1mScanning dependencies of target _mav_offboard_generate_messages_check_deps_IintWayPoints[0m
[35m[1mScanning dependencies of target trajectory_msgs_generate_messages_cpp[0m
[35m[1mScanning dependencies of target geometry_msgs_generate_messages_cpp[0m
[35m[1mScanning dependencies of target tf_generate_messages_cpp[0m
[35m[1mScanning dependencies of target trajectory_msgs_generate_messages_nodejs[0m
[35m[1mScanning dependencies of target tf_generate_messages_nodejs[0m
[  0%] Built target geometry_msgs_generate_messages_py
[35m[1mScanning dependencies of target trajectory_msgs_generate_messages_lisp[0m
[  0%] Built target geometry_msgs_generate_messages_nodejs
[  0%] Built target actionlib_msgs_generate_messages_nodejs
[  0%] Built target geometry_msgs_generate_messages_eus
[  0%] Built target std_msgs_generate_messages_py
[  0%] Built target std_msgs_generate_messages_eus
[  0%] Built target mavros_msgs_generate_messages_eus
[  0%] Built target mavros_msgs_generate_messages_cpp
[  0%] Built target std_msgs_generate_messages_nodejs
[  0%] Built target std_msgs_generate_messages_lisp
[  0%] Built target geometry_msgs_generate_messages_lisp
[  0%] Built target mavros_msgs_generate_messages_py
[  0%] Built target mavros_msgs_generate_messages_lisp
[  0%] Built target std_msgs_generate_messages_cpp
[  0%] Built target tf_generate_messages_nodejs
[  0%] Built target trajectory_msgs_generate_messages_cpp
[  0%] Built target trajectory_msgs_generate_messages_nodejs
[  0%] Built target tf_generate_messages_cpp
[  0%] Built target mavros_msgs_generate_messages_nodejs
[  0%] Built target geometry_msgs_generate_messages_cpp
[  0%] Built target trajectory_msgs_generate_messages_lisp
[35m[1mScanning dependencies of target tf2_msgs_generate_messages_cpp[0m
[35m[1mScanning dependencies of target actionlib_generate_messages_nodejs[0m
[35m[1mScanning dependencies of target tf2_msgs_generate_messages_nodejs[0m
[35m[1mScanning dependencies of target tf2_msgs_generate_messages_lisp[0m
[35m[1mScanning dependencies of target nav_msgs_generate_messages_eus[0m
[35m[1mScanning dependencies of target uuid_msgs_generate_messages_py[0m
[35m[1mScanning dependencies of target actionlib_generate_messages_py[0m
[35m[1mScanning dependencies of target diagnostic_msgs_generate_messages_lisp[0m
[35m[1mScanning dependencies of target sensor_msgs_generate_messages_py[0m
[35m[1mScanning dependencies of target geographic_msgs_generate_messages_nodejs[0m
[35m[1mScanning dependencies of target uuid_msgs_generate_messages_nodejs[0m
[35m[1mScanning dependencies of target geographic_msgs_generate_messages_eus[0m
[35m[1mScanning dependencies of target diagnostic_msgs_generate_messages_eus[0m
[35m[1mScanning dependencies of target actionlib_generate_messages_cpp[0m
[35m[1mScanning dependencies of target tf2_msgs_generate_messages_eus[0m
[35m[1mScanning dependencies of target tf_generate_messages_lisp[0m
[35m[1mScanning dependencies of target nav_msgs_generate_messages_py[0m
[  0%] Built target actionlib_generate_messages_cpp
[  0%] Built target tf2_msgs_generate_messages_cpp
[  0%] Built target tf2_msgs_generate_messages_eus
[  0%] Built target actionlib_generate_messages_py
[  0%] Built target tf2_msgs_generate_messages_lisp
[  0%] Built target actionlib_generate_messages_nodejs
[  0%] Built target tf2_msgs_generate_messages_nodejs
[  0%] Built target diagnostic_msgs_generate_messages_lisp
[  0%] Built target nav_msgs_generate_messages_eus
[  0%] Built target geographic_msgs_generate_messages_eus
[  0%] Built target sensor_msgs_generate_messages_py
[  0%] Built target uuid_msgs_generate_messages_py
[  0%] Built target diagnostic_msgs_generate_messages_eus
[  0%] Built target uuid_msgs_generate_messages_nodejs
[  0%] Built target tf_generate_messages_lisp
[  0%] Built target _mav_offboard_generate_messages_check_deps_GenTrajOnline
[  0%] Built target _mav_offboard_generate_messages_check_deps_IintWayPoints
[35m[1mScanning dependencies of target geographic_msgs_generate_messages_py[0m
[  0%] Built target _mav_offboard_generate_messages_check_deps_UpdateBoundOnline
[  0%] Built target geographic_msgs_generate_messages_nodejs
[  0%] Built target _mav_offboard_generate_messages_check_deps_SetTargPoint
[35m[1mScanning dependencies of target actionlib_generate_messages_lisp[0m
[  0%] Built target _mav_offboard_generate_messages_check_deps_MavOffbCtlType
[35m[1mScanning dependencies of target tf_generate_messages_eus[0m
[35m[1mScanning dependencies of target rosgraph_msgs_generate_messages_lisp[0m
[35m[1mScanning dependencies of target sensor_msgs_generate_messages_cpp[0m
[35m[1mScanning dependencies of target diagnostic_msgs_generate_messages_py[0m
[35m[1mScanning dependencies of target nav_msgs_generate_messages_nodejs[0m
[35m[1mScanning dependencies of target uuid_msgs_generate_messages_lisp[0m
[35m[1mScanning dependencies of target diagnostic_msgs_generate_messages_cpp[0m
[35m[1mScanning dependencies of target rosgraph_msgs_generate_messages_py[0m
[35m[1mScanning dependencies of target actionlib_generate_messages_eus[0m
[35m[1mScanning dependencies of target trajectory_msgs_generate_messages_py[0m
[35m[1mScanning dependencies of target diagnostic_msgs_generate_messages_nodejs[0m
[35m[1mScanning dependencies of target roscpp_generate_messages_lisp[0m
[35m[1mScanning dependencies of target actionlib_msgs_generate_messages_eus[0m
[35m[1mScanning dependencies of target rosgraph_msgs_generate_messages_cpp[0m
[  0%] Built target _mav_offboard_generate_messages_check_deps_SetMavOffbCtlType
[  0%] Built target actionlib_generate_messages_lisp
[  0%] Built target nav_msgs_generate_messages_py
[  0%] Built target rosgraph_msgs_generate_messages_lisp
[  0%] Built target geographic_msgs_generate_messages_py
[  0%] Built target uuid_msgs_generate_messages_lisp
[  0%] Built target sensor_msgs_generate_messages_cpp
[  0%] Built target diagnostic_msgs_generate_messages_py
[  0%] Built target rosgraph_msgs_generate_messages_py
[  0%] Built target nav_msgs_generate_messages_nodejs
[  0%] Built target diagnostic_msgs_generate_messages_cpp
[  0%] Built target diagnostic_msgs_generate_messages_nodejs
[  0%] Built target roscpp_generate_messages_lisp
[  0%] Built target tf_generate_messages_eus
[35m[1mScanning dependencies of target sensor_msgs_generate_messages_eus[0m
[  0%] Built target actionlib_generate_messages_eus
[  0%] Built target actionlib_msgs_generate_messages_eus
[35m[1mScanning dependencies of target sensor_msgs_generate_messages_lisp[0m
[  0%] Built target trajectory_msgs_generate_messages_py
[35m[1mScanning dependencies of target trajectory_msgs_generate_messages_eus[0m
[35m[1mScanning dependencies of target uuid_msgs_generate_messages_eus[0m
[35m[1mScanning dependencies of target roscpp_generate_messages_py[0m
[35m[1mScanning dependencies of target roscpp_generate_messages_nodejs[0m
[35m[1mScanning dependencies of target uuid_msgs_generate_messages_cpp[0m
[35m[1mScanning dependencies of target roscpp_generate_messages_cpp[0m
[35m[1mScanning dependencies of target nav_msgs_generate_messages_cpp[0m
[35m[1mScanning dependencies of target tf2_msgs_generate_messages_py[0m
[35m[1mScanning dependencies of target rosgraph_msgs_generate_messages_eus[0m
[35m[1mScanning dependencies of target actionlib_msgs_generate_messages_py[0m
[35m[1mScanning dependencies of target actionlib_msgs_generate_messages_cpp[0m
[35m[1mScanning dependencies of target rosgraph_msgs_generate_messages_nodejs[0m
[35m[1mScanning dependencies of target roscpp_generate_messages_eus[0m
[35m[1mScanning dependencies of target geographic_msgs_generate_messages_cpp[0m
[35m[1mScanning dependencies of target sensor_msgs_generate_messages_nodejs[0m
[35m[1mScanning dependencies of target actionlib_msgs_generate_messages_lisp[0m
[35m[1mScanning dependencies of target tf_generate_messages_py[0m
[35m[1mScanning dependencies of target nav_msgs_generate_messages_lisp[0m
[  0%] Built target roscpp_generate_messages_nodejs
[35m[1mScanning dependencies of target geographic_msgs_generate_messages_lisp[0m
[  0%] Built target sensor_msgs_generate_messages_lisp
[  0%] Built target sensor_msgs_generate_messages_eus
[  0%] Built target roscpp_generate_messages_cpp
[  0%] Built target uuid_msgs_generate_messages_eus
[  0%] Built target roscpp_generate_messages_py
[  0%] Built target trajectory_msgs_generate_messages_eus
[35m[1mScanning dependencies of target mav_offboard_generate_messages_py[0m
[35m[1mScanning dependencies of target mav_offboard_generate_messages_eus[0m
[35m[1mScanning dependencies of target mav_offboard_generate_messages_cpp[0m
[  0%] Built target nav_msgs_generate_messages_cpp
[  0%] Built target uuid_msgs_generate_messages_cpp
[  0%] Built target rosgraph_msgs_generate_messages_eus
[  0%] Built target tf2_msgs_generate_messages_py
[  0%] Built target rosgraph_msgs_generate_messages_nodejs
[  0%] Built target geographic_msgs_generate_messages_cpp
[  0%] Built target sensor_msgs_generate_messages_nodejs
[  0%] Built target roscpp_generate_messages_eus
[  0%] Built target actionlib_msgs_generate_messages_lisp
[  0%] Built target nav_msgs_generate_messages_lisp
[  0%] Built target actionlib_msgs_generate_messages_cpp
[35m[1mScanning dependencies of target mav_offboard_generate_messages_nodejs[0m
[  0%] Built target geographic_msgs_generate_messages_lisp
[  0%] Built target tf_generate_messages_py
[  0%] Built target actionlib_msgs_generate_messages_py
[  2%] [34m[1mGenerating Python from MSG mav_offboard/MavOffbCtlType[0m
[  4%] [34m[1mGenerating Python code from SRV mav_offboard/SetMavOffbCtlType[0m
[35m[1mScanning dependencies of target mav_offboard_generate_messages_lisp[0m
[  6%] [34m[1mGenerating EusLisp code from mav_offboard/SetMavOffbCtlType.srv[0m
[  8%] [34m[1mGenerating C++ code from mav_offboard/MavOffbCtlType.msg[0m
[ 11%] [34m[1mGenerating EusLisp code from mav_offboard/MavOffbCtlType.msg[0m
[ 13%] [34m[1mGenerating EusLisp code from mav_offboard/SetTargPoint.srv[0m
[ 13%] Built target rosgraph_msgs_generate_messages_cpp
[ 15%] [34m[1mGenerating C++ code from mav_offboard/SetMavOffbCtlType.srv[0m
[ 17%] [34m[1mGenerating EusLisp code from mav_offboard/GenTrajOnline.srv[0m
[ 20%] [34m[1mGenerating EusLisp manifest code for mav_offboard[0m
[ 24%] [34m[1mGenerating Python code from SRV mav_offboard/GenTrajOnline[0m
[ 28%] [34m[1mGenerating Python code from SRV mav_offboard/IintWayPoints[0m
[ 26%] [34m[1mGenerating EusLisp code from mav_offboard/UpdateBoundOnline.srv[0m
[ 31%] [34m[1mGenerating C++ code from mav_offboard/GenTrajOnline.srv[0m
[ 31%] [34m[1mGenerating EusLisp code from mav_offboard/IintWayPoints.srv[0m
[ 33%] [34m[1mGenerating Python code from SRV mav_offboard/UpdateBoundOnline[0m
[ 35%] [34m[1mGenerating Python code from SRV mav_offboard/SetTargPoint[0m
[ 40%] [34m[1mGenerating C++ code from mav_offboard/SetTargPoint.srv[0m
[ 40%] [34m[1mGenerating C++ code from mav_offboard/IintWayPoints.srv[0m
[ 44%] [34m[1mGenerating Javascript code from mav_offboard/SetTargPoint.srv[0m
[ 44%] [34m[1mGenerating C++ code from mav_offboard/UpdateBoundOnline.srv[0m
[ 46%] [34m[1mGenerating Javascript code from mav_offboard/IintWayPoints.srv[0m
[ 51%] [34m[1mGenerating Javascript code from mav_offboard/MavOffbCtlType.msg[0m
[ 51%] [34m[1mGenerating Javascript code from mav_offboard/SetMavOffbCtlType.srv[0m
[ 53%] [34m[1mGenerating Javascript code from mav_offboard/GenTrajOnline.srv[0m
[ 55%] [34m[1mGenerating Javascript code from mav_offboard/UpdateBoundOnline.srv[0m
[ 60%] [34m[1mGenerating Lisp code from mav_offboard/SetMavOffbCtlType.srv[0m
[ 60%] [34m[1mGenerating Lisp code from mav_offboard/MavOffbCtlType.msg[0m
[ 62%] [34m[1mGenerating Lisp code from mav_offboard/GenTrajOnline.srv[0m
[ 64%] [34m[1mGenerating Lisp code from mav_offboard/SetTargPoint.srv[0m
[ 66%] [34m[1mGenerating Lisp code from mav_offboard/IintWayPoints.srv[0m
[ 68%] [34m[1mGenerating Lisp code from mav_offboard/UpdateBoundOnline.srv[0m
[ 68%] Built target mav_offboard_generate_messages_nodejs
[ 68%] Built target mav_offboard_generate_messages_lisp
[ 68%] Built target mav_offboard_generate_messages_cpp
[ 73%] [34m[1mGenerating Python srv __init__.py for mav_offboard[0m
[ 73%] [34m[1mGenerating Python msg __init__.py for mav_offboard[0m
[ 73%] Built target mav_offboard_generate_messages_py
[ 73%] Built target mav_offboard_generate_messages_eus
[35m[1mScanning dependencies of target mav_offboard_generate_messages[0m
[35m[1mScanning dependencies of target mav_offboard[0m
[35m[1mScanning dependencies of target online_traj_generator[0m
[ 73%] Built target mav_offboard_generate_messages
[ 75%] [32mBuilding CXX object CMakeFiles/online_traj_generator.dir/src/traj_generator/online_traj_generator.cpp.o[0m
[ 77%] [32mBuilding CXX object CMakeFiles/mav_offboard.dir/src/mav_offboard/mav_offboard.cpp.o[0m
[ 80%] [32m[1mLinking CXX shared library /home/chen/mav_px4/devel/.private/mav_offboard/lib/libonline_traj_generator.so[0m
[ 80%] Built target online_traj_generator
[35m[1mScanning dependencies of target online_traj_generator_node[0m
[ 82%] [32mBuilding CXX object CMakeFiles/online_traj_generator_node.dir/src/online_traj_generator_node.cpp.o[0m
[ 84%] [32m[1mLinking CXX executable /home/chen/mav_px4/devel/.private/mav_offboard/lib/mav_offboard/online_traj_generator_node[0m
[ 84%] Built target online_traj_generator_node
[ 86%] [32m[1mLinking CXX shared library /home/chen/mav_px4/devel/.private/mav_offboard/lib/libmav_offboard.so[0m
[ 86%] Built target mav_offboard
[35m[1mScanning dependencies of target mav_offboard_node[0m
[35m[1mScanning dependencies of target test_mav_offboard_node[0m
[35m[1mScanning dependencies of target goto_point_test_node[0m
[ 88%] [32mBuilding CXX object CMakeFiles/test_mav_offboard_node.dir/src/test_mav_offboard_node.cpp.o[0m
[ 91%] [32mBuilding CXX object CMakeFiles/goto_point_test_node.dir/src/goto_point_test.cpp.o[0m
[ 93%] [32mBuilding CXX object CMakeFiles/mav_offboard_node.dir/src/mav_offboard_node.cpp.o[0m
[ 95%] [32m[1mLinking CXX executable /home/chen/mav_px4/devel/.private/mav_offboard/lib/mav_offboard/goto_point_test_node[0m
[ 95%] Built target goto_point_test_node
[ 97%] [32m[1mLinking CXX executable /home/chen/mav_px4/devel/.private/mav_offboard/lib/mav_offboard/test_mav_offboard_node[0m
[ 97%] Built target test_mav_offboard_node
[100%] [32m[1mLinking CXX executable /home/chen/mav_px4/devel/.private/mav_offboard/lib/mav_offboard/mav_offboard_node[0m
[100%] Built target mav_offboard_node
