Symlinking /home/chen/mav_px4/devel/share/gennodejs/ros/mav_offboard/_index.js
Symlinking /home/chen/mav_px4/devel/share/gennodejs/ros/mav_offboard/srv/GenTrajOnline.js
Symlinking /home/chen/mav_px4/devel/share/gennodejs/ros/mav_offboard/srv/SetTargPoint.js
Symlinking /home/chen/mav_px4/devel/share/gennodejs/ros/mav_offboard/srv/SetMavOffbCtlType.js
Symlinking /home/chen/mav_px4/devel/share/gennodejs/ros/mav_offboard/srv/_index.js
Symlinking /home/chen/mav_px4/devel/share/gennodejs/ros/mav_offboard/srv/IintWayPoints.js
Symlinking /home/chen/mav_px4/devel/share/gennodejs/ros/mav_offboard/srv/UpdateBoundOnline.js
Symlinking /home/chen/mav_px4/devel/share/gennodejs/ros/mav_offboard/msg/MavOffbCtlType.js
Symlinking /home/chen/mav_px4/devel/share/gennodejs/ros/mav_offboard/msg/_index.js
Symlinking /home/chen/mav_px4/devel/share/mav_offboard/cmake/mav_offboard-msg-paths.cmake
Symlinking /home/chen/mav_px4/devel/share/mav_offboard/cmake/mav_offboardConfig.cmake
Symlinking /home/chen/mav_px4/devel/share/mav_offboard/cmake/mav_offboardConfig-version.cmake
Symlinking /home/chen/mav_px4/devel/share/mav_offboard/cmake/mav_offboard-msg-extras.cmake
Symlinking /home/chen/mav_px4/devel/share/roseus/ros/mav_offboard/manifest.l
Symlinking /home/chen/mav_px4/devel/share/roseus/ros/mav_offboard/srv/SetTargPoint.l
Symlinking /home/chen/mav_px4/devel/share/roseus/ros/mav_offboard/srv/SetMavOffbCtlType.l
Symlinking /home/chen/mav_px4/devel/share/roseus/ros/mav_offboard/srv/UpdateBoundOnline.l
Symlinking /home/chen/mav_px4/devel/share/roseus/ros/mav_offboard/srv/GenTrajOnline.l
Symlinking /home/chen/mav_px4/devel/share/roseus/ros/mav_offboard/srv/IintWayPoints.l
Symlinking /home/chen/mav_px4/devel/share/roseus/ros/mav_offboard/msg/MavOffbCtlType.l
Symlinking /home/chen/mav_px4/devel/share/common-lisp/ros/mav_offboard/srv/GenTrajOnline.lisp
Symlinking /home/chen/mav_px4/devel/share/common-lisp/ros/mav_offboard/srv/SetTargPoint.lisp
Symlinking /home/chen/mav_px4/devel/share/common-lisp/ros/mav_offboard/srv/_package_UpdateBoundOnline.lisp
Symlinking /home/chen/mav_px4/devel/share/common-lisp/ros/mav_offboard/srv/_package_IintWayPoints.lisp
Symlinking /home/chen/mav_px4/devel/share/common-lisp/ros/mav_offboard/srv/_package.lisp
Symlinking /home/chen/mav_px4/devel/share/common-lisp/ros/mav_offboard/srv/_package_SetTargPoint.lisp
Symlinking /home/chen/mav_px4/devel/share/common-lisp/ros/mav_offboard/srv/mav_offboard-srv.asd
Symlinking /home/chen/mav_px4/devel/share/common-lisp/ros/mav_offboard/srv/_package_SetMavOffbCtlType.lisp
Symlinking /home/chen/mav_px4/devel/share/common-lisp/ros/mav_offboard/srv/SetMavOffbCtlType.lisp
Symlinking /home/chen/mav_px4/devel/share/common-lisp/ros/mav_offboard/srv/IintWayPoints.lisp
Symlinking /home/chen/mav_px4/devel/share/common-lisp/ros/mav_offboard/srv/_package_GenTrajOnline.lisp
Symlinking /home/chen/mav_px4/devel/share/common-lisp/ros/mav_offboard/srv/UpdateBoundOnline.lisp
Symlinking /home/chen/mav_px4/devel/share/common-lisp/ros/mav_offboard/msg/_package.lisp
Symlinking /home/chen/mav_px4/devel/share/common-lisp/ros/mav_offboard/msg/mav_offboard-msg.asd
Symlinking /home/chen/mav_px4/devel/share/common-lisp/ros/mav_offboard/msg/MavOffbCtlType.lisp
Symlinking /home/chen/mav_px4/devel/share/common-lisp/ros/mav_offboard/msg/_package_MavOffbCtlType.lisp
Symlinking /home/chen/mav_px4/devel/include/mav_offboard/UpdateBoundOnlineResponse.h
Symlinking /home/chen/mav_px4/devel/include/mav_offboard/UpdateBoundOnlineRequest.h
Symlinking /home/chen/mav_px4/devel/include/mav_offboard/SetMavOffbCtlTypeRequest.h
Symlinking /home/chen/mav_px4/devel/include/mav_offboard/IintWayPointsResponse.h
Symlinking /home/chen/mav_px4/devel/include/mav_offboard/UpdateBoundOnline.h
Symlinking /home/chen/mav_px4/devel/include/mav_offboard/SetTargPointRequest.h
Symlinking /home/chen/mav_px4/devel/include/mav_offboard/MavOffbCtlType.h
Symlinking /home/chen/mav_px4/devel/include/mav_offboard/SetMavOffbCtlTypeResponse.h
Symlinking /home/chen/mav_px4/devel/include/mav_offboard/GenTrajOnlineRequest.h
Symlinking /home/chen/mav_px4/devel/include/mav_offboard/SetTargPointResponse.h
Symlinking /home/chen/mav_px4/devel/include/mav_offboard/IintWayPoints.h
Symlinking /home/chen/mav_px4/devel/include/mav_offboard/SetTargPoint.h
Symlinking /home/chen/mav_px4/devel/include/mav_offboard/IintWayPointsRequest.h
Symlinking /home/chen/mav_px4/devel/include/mav_offboard/SetMavOffbCtlType.h
Symlinking /home/chen/mav_px4/devel/include/mav_offboard/GenTrajOnline.h
Symlinking /home/chen/mav_px4/devel/include/mav_offboard/GenTrajOnlineResponse.h
Symlinking /home/chen/mav_px4/devel/lib/libonline_traj_generator.so
Symlinking /home/chen/mav_px4/devel/lib/libmav_offboard.so
Symlinking /home/chen/mav_px4/devel/lib/python3/dist-packages/mav_offboard/__init__.py
Symlinking /home/chen/mav_px4/devel/lib/python3/dist-packages/mav_offboard/srv/_UpdateBoundOnline.py
Symlinking /home/chen/mav_px4/devel/lib/python3/dist-packages/mav_offboard/srv/_SetMavOffbCtlType.py
Symlinking /home/chen/mav_px4/devel/lib/python3/dist-packages/mav_offboard/srv/__init__.py
Symlinking /home/chen/mav_px4/devel/lib/python3/dist-packages/mav_offboard/srv/_IintWayPoints.py
Symlinking /home/chen/mav_px4/devel/lib/python3/dist-packages/mav_offboard/srv/_SetTargPoint.py
Symlinking /home/chen/mav_px4/devel/lib/python3/dist-packages/mav_offboard/srv/_GenTrajOnline.py
Symlinking /home/chen/mav_px4/devel/lib/python3/dist-packages/mav_offboard/msg/_MavOffbCtlType.py
Symlinking /home/chen/mav_px4/devel/lib/python3/dist-packages/mav_offboard/msg/__init__.py
Symlinking /home/chen/mav_px4/devel/lib/mav_offboard/mav_offboard_node
Symlinking /home/chen/mav_px4/devel/lib/mav_offboard/online_traj_generator_node
Symlinking /home/chen/mav_px4/devel/lib/mav_offboard/test_mav_offboard_node
Symlinking /home/chen/mav_px4/devel/lib/mav_offboard/goto_point_test_node
Symlinking /home/chen/mav_px4/devel/lib/pkgconfig/mav_offboard.pc
